<?xml version="1.0" encoding="UTF-8"?>
<!-- Generated by org.testng.reporters.JUnitReportReporter -->
<testsuite skipped="0" hostname="DELL-PC" name="com.Radish.hu.Demo" tests="1" failures="0" timestamp="15 三月 2019 15:38:13 GMT" time="21.136" errors="0">
  <testcase name="init" time="21.136" classname="com.Radish.hu.Demo"/>
</testsuite> <!-- com.Radish.hu.Demo -->
